{"level":["info"],"timestamp":"02:10:2024|14:10:22","exception":false,"message":"MongoDB connected"}
{"level":["info"],"timestamp":"02:10:2024|14:10:32","exception":false,"message":"::1 - - [02/Oct/2024:08:38:25 +0000] \"GET / HTTP/1.1\" 404 - \"-\" \"Mozilla/5.0 (X11; Linux x86_64) AppleWebKit/537.36 (KHTML, like Gecko) Chrome/128.0.0.0 Safari/537.36\"\n"}
{"level":["info"],"timestamp":"02:10:2024|14:10:43","exception":false,"message":"MongoDB connected"}
{"level":["info"],"timestamp":"02:10:2024|14:10:53","exception":false,"message":"::1 - - [02/Oct/2024:08:38:47 +0000] \"GET /socket HTTP/1.1\" 404 - \"-\" \"Mozilla/5.0 (X11; Linux x86_64) AppleWebKit/537.36 (KHTML, like Gecko) Chrome/128.0.0.0 Safari/537.36\"\n"}
{"level":["info"],"timestamp":"02:10:2024|14:10:36","exception":false,"message":"MongoDB connected"}
{"level":["info"],"timestamp":"02:10:2024|14:10:07","exception":false,"message":"MongoDB connected"}
{"level":["info"],"timestamp":"02:10:2024|14:10:38","exception":false,"message":"::1 - - [02/Oct/2024:08:38:59 +0000] \"GET /socket HTTP/1.1\" 404 - \"-\" \"Mozilla/5.0 (X11; Linux x86_64) AppleWebKit/537.36 (KHTML, like Gecko) Chrome/128.0.0.0 Safari/537.36\"\n"}
{"level":["warn"],"timestamp":"02:10:2024|14:10:73","exception":false,"message":"MongoDB Disconnecting"}
{"level":["info"],"timestamp":"02:10:2024|15:10:88","exception":false,"message":"MongoDB connected"}
{"level":["info"],"timestamp":"02:10:2024|15:10:30","exception":false,"message":"MongoDB connected"}
{"level":["info"],"timestamp":"02:10:2024|15:10:37","exception":false,"message":"MongoDB connected"}
{"level":["info"],"timestamp":"02:10:2024|15:10:35","exception":false,"message":"MongoDB connected"}
{"level":["info"],"timestamp":"02:10:2024|15:10:87","exception":false,"message":"::1 - - [02/Oct/2024:09:40:12 +0000] \"GET / HTTP/1.1\" 404 - \"-\" \"Mozilla/5.0 (X11; Linux x86_64) AppleWebKit/537.36 (KHTML, like Gecko) Chrome/128.0.0.0 Safari/537.36\"\n"}
{"level":["warn"],"timestamp":"02:10:2024|15:10:41","exception":false,"message":"MongoDB Disconnecting"}
{"level":["warn"],"timestamp":"02:10:2024|15:10:43","exception":false,"message":"MongoDB Disconnected"}
{"level":["info"],"timestamp":"02:10:2024|15:10:87","exception":false,"message":"MongoDB connected"}
{"level":["info"],"timestamp":"02:10:2024|15:10:06","exception":false,"message":"::1 - - [02/Oct/2024:09:51:21 +0000] \"GET / HTTP/1.1\" 404 - \"-\" \"Mozilla/5.0 (X11; Linux x86_64) AppleWebKit/537.36 (KHTML, like Gecko) Chrome/128.0.0.0 Safari/537.36\"\n"}
{"level":["warn"],"timestamp":"02:10:2024|15:10:78","exception":false,"message":"MongoDB Disconnecting"}
{"level":["info"],"timestamp":"02:10:2024|15:10:52","exception":false,"message":"MongoDB connected"}
{"level":["info"],"timestamp":"02:10:2024|15:10:49","exception":false,"message":"::1 - - [02/Oct/2024:10:04:41 +0000] \"GET / HTTP/1.1\" 404 - \"-\" \"Mozilla/5.0 (X11; Linux x86_64) AppleWebKit/537.36 (KHTML, like Gecko) Chrome/128.0.0.0 Safari/537.36\"\n"}
{"level":["warn"],"timestamp":"02:10:2024|15:10:17","exception":false,"message":"MongoDB Disconnecting"}
{"level":["info"],"timestamp":"02:10:2024|15:10:28","exception":false,"message":"MongoDB connected"}
{"level":["info"],"timestamp":"02:10:2024|15:10:71","exception":false,"message":"MongoDB connected"}
{"level":["info"],"timestamp":"02:10:2024|15:10:53","exception":false,"message":"MongoDB connected"}
{"level":["info"],"timestamp":"02:10:2024|15:10:41","exception":false,"message":"MongoDB connected"}
{"level":["error"],"timestamp":"02:10:2024|16:10:96","exception":true,"message":"uncaughtException: userDetails is not defined"}
{"level":["error"],"timestamp":"02:10:2024|16:10:05","exception":true,"message":"uncaughtException: userDetails is not defined"}
{"level":["info"],"timestamp":"02:10:2024|16:10:93","exception":false,"message":"MongoDB connected"}
{"level":["info"],"timestamp":"02:10:2024|16:10:88","exception":false,"message":"MongoDB connected"}
{"level":["info"],"timestamp":"02:10:2024|16:10:60","exception":false,"message":"MongoDB connected"}
{"level":["info"],"timestamp":"02:10:2024|16:10:21","exception":false,"message":"MongoDB connected"}
{"level":["info"],"timestamp":"02:10:2024|16:10:42","exception":false,"message":"MongoDB connected"}
{"level":["info"],"timestamp":"02:10:2024|16:10:45","exception":false,"message":"MongoDB connected"}
{"level":["info"],"timestamp":"02:10:2024|17:10:52","exception":false,"message":"MongoDB connected"}
{"level":["info"],"timestamp":"02:10:2024|17:10:14","exception":false,"message":"MongoDB connected"}
{"level":["info"],"timestamp":"02:10:2024|17:10:21","exception":false,"message":"MongoDB connected"}
{"level":["info"],"timestamp":"02:10:2024|17:10:14","exception":false,"message":"MongoDB connected"}
{"level":["info"],"timestamp":"02:10:2024|17:10:12","exception":false,"message":"MongoDB connected"}
{"level":["info"],"timestamp":"02:10:2024|17:10:38","exception":false,"message":"MongoDB connected"}
{"level":["warn"],"timestamp":"02:10:2024|18:10:89","exception":false,"message":"MongoDB Disconnecting"}
