{"level":["info"],"timestamp":"03:10:2024|09:10:72","exception":false,"message":"MongoDB connected"}
{"level":["info"],"timestamp":"03:10:2024|09:10:40","exception":false,"message":"MongoDB connected"}
{"level":["info"],"timestamp":"03:10:2024|09:10:71","exception":false,"message":"MongoDB connected"}
{"level":["warn"],"timestamp":"03:10:2024|09:10:41","exception":false,"message":"MongoDB Disconnecting"}
{"level":["error"],"timestamp":"03:10:2024|10:10:26","exception":true,"message":"uncaughtException: logger is not defined"}
{"level":["info"],"timestamp":"03:10:2024|10:10:31","exception":false,"message":"MongoDB connected"}
{"level":["error"],"timestamp":"03:10:2024|10:10:10","exception":true,"message":"uncaughtException: logger is not defined"}
{"level":["info"],"timestamp":"03:10:2024|10:10:14","exception":false,"message":"MongoDB connected"}
{"level":["error"],"timestamp":"03:10:2024|10:10:32","exception":true,"message":"uncaughtException: logger is not defined"}
{"level":["info"],"timestamp":"03:10:2024|10:10:34","exception":false,"message":"MongoDB connected"}
{"level":["error"],"timestamp":"03:10:2024|10:10:18","exception":true,"message":"uncaughtException: logger is not defined"}
{"level":["info"],"timestamp":"03:10:2024|10:10:21","exception":false,"message":"MongoDB connected"}
{"level":["error"],"timestamp":"03:10:2024|10:10:81","exception":true,"message":"uncaughtException: Cannot create property 'Symbol(level)' on string 'Error in set socket'"}
{"level":["info"],"timestamp":"03:10:2024|10:10:84","exception":false,"message":"MongoDB connected"}
{"level":["error"],"timestamp":"03:10:2024|10:10:37","exception":true,"message":"uncaughtException: Cannot create property 'Symbol(level)' on string 'Error in set socket'"}
{"level":["info"],"timestamp":"03:10:2024|10:10:39","exception":false,"message":"MongoDB connected"}
{"level":["info"],"timestamp":"03:10:2024|10:10:94","exception":false,"message":"MongoDB connected"}
{"level":["error"],"timestamp":"03:10:2024|10:10:76","exception":true,"message":"uncaughtException: Cannot create property 'Symbol(level)' on string 'Error in set socket'"}
{"level":["info"],"timestamp":"03:10:2024|10:10:79","exception":false,"message":"MongoDB connected"}
{"level":["error"],"timestamp":"03:10:2024|10:10:36","exception":true,"message":"uncaughtException: Cannot create property 'Symbol(level)' on string 'Error in set socket'"}
{"level":["info"],"timestamp":"03:10:2024|10:10:38","exception":false,"message":"MongoDB connected"}
{"level":["info"],"timestamp":"03:10:2024|10:10:97","exception":false,"message":"MongoDB connected"}
{"level":["error"],"timestamp":"03:10:2024|10:10:68","exception":false,"message":"USER_SIGNUP"}
{"level":["error"],"timestamp":"03:10:2024|10:10:72","exception":true,"message":"uncaughtException: Converting circular structure to JSON"}
{"level":["info"],"timestamp":"03:10:2024|10:10:69","exception":false,"message":"MongoDB connected"}
{"level":["error"],"timestamp":"03:10:2024|10:10:60","exception":false,"message":"USER_SIGNUP"}
{"level":["error"],"timestamp":"03:10:2024|10:10:61","exception":true,"message":"uncaughtException: Converting circular structure to JSON"}
{"level":["info"],"timestamp":"03:10:2024|10:10:97","exception":false,"message":"MongoDB connected"}
{"level":["warn"],"timestamp":"03:10:2024|10:10:94","exception":false,"message":"MongoDB Disconnecting"}
{"level":["info"],"timestamp":"03:10:2024|10:10:59","exception":false,"message":"MongoDB connected"}
{"level":["error"],"timestamp":"03:10:2024|10:10:93","exception":false,"message":"USER_SIGNUP"}
{"level":["error"],"timestamp":"03:10:2024|10:10:95","exception":true,"message":"uncaughtException: Converting circular structure to JSON"}
{"level":["info"],"timestamp":"03:10:2024|10:10:87","exception":false,"message":"MongoDB connected"}
{"level":["info"],"timestamp":"03:10:2024|10:10:04","exception":false,"message":"MongoDB connected"}
{"level":["error"],"timestamp":"03:10:2024|10:10:74","exception":false,"message":"USER_LOGIN"}
{"level":["error"],"timestamp":"03:10:2024|10:10:74","exception":false,"message":"config is not defined"}
{"level":["info"],"timestamp":"03:10:2024|10:10:38","exception":false,"message":"MongoDB connected"}
{"level":["error"],"timestamp":"03:10:2024|10:10:14","exception":false,"message":"USER_LOGIN"}
{"level":["error"],"timestamp":"03:10:2024|10:10:14","exception":false,"message":"generateRefreshToken is not defined"}
{"level":["info"],"timestamp":"03:10:2024|10:10:92","exception":false,"message":"MongoDB connected"}
{"level":["info"],"timestamp":"03:10:2024|10:10:85","exception":false,"message":"MongoDB connected"}
{"level":["info"],"timestamp":"03:10:2024|10:10:89","exception":false,"message":"MongoDB connected"}
{"level":["info"],"timestamp":"03:10:2024|10:10:37","exception":false,"message":"MongoDB connected"}
{"level":["error"],"timestamp":"03:10:2024|10:10:01","exception":false,"message":"USER_LOGIN"}
{"level":["error"],"timestamp":"03:10:2024|10:10:01","exception":false,"message":"generateRefreshToken is not defined"}
{"level":["info"],"timestamp":"03:10:2024|10:10:66","exception":false,"message":"MongoDB connected"}
{"level":["info"],"timestamp":"03:10:2024|10:10:15","exception":false,"message":"MongoDB connected"}
{"level":["info"],"timestamp":"03:10:2024|10:10:49","exception":false,"message":"MongoDB connected"}
{"level":["info"],"timestamp":"03:10:2024|10:10:18","exception":false,"message":"MongoDB connected"}
{"level":["info"],"timestamp":"03:10:2024|10:10:69","exception":false,"message":"MongoDB connected"}
{"level":["error"],"timestamp":"03:10:2024|10:10:60","exception":true,"message":"uncaughtException: Cannot create property 'Symbol(level)' on string 'Error in set socket'"}
{"level":["info"],"timestamp":"03:10:2024|10:10:63","exception":false,"message":"MongoDB connected"}
{"level":["error"],"timestamp":"03:10:2024|10:10:60","exception":true,"message":"uncaughtException: Cannot create property 'Symbol(level)' on string 'Error in set socket'"}
{"level":["info"],"timestamp":"03:10:2024|10:10:64","exception":false,"message":"MongoDB connected"}
{"level":["error"],"timestamp":"03:10:2024|11:10:82","exception":true,"message":"uncaughtException: Cannot create property 'Symbol(level)' on string 'Error in set socket'"}
{"level":["info"],"timestamp":"03:10:2024|11:10:85","exception":false,"message":"MongoDB connected"}
{"level":["info"],"timestamp":"03:10:2024|11:10:06","exception":false,"message":"MongoDB connected"}
{"level":["info"],"timestamp":"03:10:2024|11:10:51","exception":false,"message":"MongoDB connected"}
{"level":["info"],"timestamp":"03:10:2024|11:10:69","exception":false,"message":"MongoDB connected"}
{"level":["info"],"timestamp":"03:10:2024|11:10:12","exception":false,"message":"MongoDB connected"}
{"level":["info"],"timestamp":"03:10:2024|11:10:65","exception":false,"message":"MongoDB connected"}
{"level":["info"],"timestamp":"03:10:2024|11:10:77","exception":false,"message":"MongoDB connected"}
{"level":["info"],"timestamp":"03:10:2024|11:10:25","exception":false,"message":"MongoDB connected"}
{"level":["info"],"timestamp":"03:10:2024|11:10:62","exception":false,"message":"MongoDB connected"}
{"level":["info"],"timestamp":"03:10:2024|11:10:03","exception":false,"message":"MongoDB connected"}
{"level":["info"],"timestamp":"03:10:2024|11:10:08","exception":false,"message":"MongoDB connected"}
{"level":["info"],"timestamp":"03:10:2024|11:10:51","exception":false,"message":"MongoDB connected"}
{"level":["info"],"timestamp":"03:10:2024|11:10:21","exception":false,"message":"MongoDB connected"}
{"level":["info"],"timestamp":"03:10:2024|11:10:33","exception":false,"message":"MongoDB connected"}
{"level":["info"],"timestamp":"03:10:2024|11:10:06","exception":false,"message":"MongoDB connected"}
{"level":["info"],"timestamp":"03:10:2024|11:10:16","exception":false,"message":"MongoDB connected"}
{"level":["info"],"timestamp":"03:10:2024|11:10:18","exception":false,"message":"MongoDB connected"}
{"level":["info"],"timestamp":"03:10:2024|11:10:16","exception":false,"message":"MongoDB connected"}
{"level":["info"],"timestamp":"03:10:2024|11:10:77","exception":false,"message":"MongoDB connected"}
{"level":["info"],"timestamp":"03:10:2024|11:10:56","exception":false,"message":"MongoDB connected"}
{"level":["info"],"timestamp":"03:10:2024|11:10:95","exception":false,"message":"MongoDB connected"}
{"level":["info"],"timestamp":"03:10:2024|11:10:07","exception":false,"message":"MongoDB connected"}
{"level":["info"],"timestamp":"03:10:2024|11:10:20","exception":false,"message":"MongoDB connected"}
{"level":["error"],"timestamp":"03:10:2024|11:10:45","exception":true,"message":"uncaughtException: isUser is not defined"}
{"level":["info"],"timestamp":"03:10:2024|11:10:50","exception":false,"message":"MongoDB connected"}
{"level":["error"],"timestamp":"03:10:2024|11:10:61","exception":true,"message":"uncaughtException: isUser is not defined"}
{"level":["info"],"timestamp":"03:10:2024|11:10:63","exception":false,"message":"MongoDB connected"}
{"level":["error"],"timestamp":"03:10:2024|11:10:32","exception":true,"message":"uncaughtException: isUser is not defined"}
{"level":["info"],"timestamp":"03:10:2024|11:10:35","exception":false,"message":"MongoDB connected"}
{"level":["error"],"timestamp":"03:10:2024|11:10:02","exception":true,"message":"uncaughtException: isUser is not defined"}
{"level":["info"],"timestamp":"03:10:2024|11:10:07","exception":false,"message":"MongoDB connected"}
{"level":["error"],"timestamp":"03:10:2024|11:10:90","exception":true,"message":"uncaughtException: isUser is not defined"}
{"level":["info"],"timestamp":"03:10:2024|11:10:93","exception":false,"message":"MongoDB connected"}
{"level":["info"],"timestamp":"03:10:2024|11:10:96","exception":false,"message":"MongoDB connected"}
{"level":["info"],"timestamp":"03:10:2024|11:10:68","exception":false,"message":"MongoDB connected"}
{"level":["info"],"timestamp":"03:10:2024|11:10:96","exception":false,"message":"::1 - - [03/Oct/2024:05:42:22 +0000] \"POST /location/add/66fcf8a77eb7c757455bf12f HTTP/1.1\" 404 - \"-\" \"PostmanRuntime/7.37.3\"\n"}
{"level":["info"],"timestamp":"03:10:2024|11:10:03","exception":false,"message":"MongoDB connected"}
{"level":["info"],"timestamp":"03:10:2024|11:10:85","exception":false,"message":"MongoDB connected"}
{"level":["info"],"timestamp":"03:10:2024|11:10:37","exception":false,"message":"MongoDB connected"}
{"level":["info"],"timestamp":"03:10:2024|11:10:08","exception":false,"message":"MongoDB connected"}
{"level":["info"],"timestamp":"03:10:2024|11:10:48","exception":false,"message":"MongoDB connected"}
{"level":["info"],"timestamp":"03:10:2024|11:10:01","exception":false,"message":"MongoDB connected"}
{"level":["info"],"timestamp":"03:10:2024|11:10:60","exception":false,"message":"MongoDB connected"}
{"level":["info"],"timestamp":"03:10:2024|11:10:23","exception":false,"message":"MongoDB connected"}
{"level":["info"],"timestamp":"03:10:2024|11:10:26","exception":false,"message":"MongoDB connected"}
{"level":["info"],"timestamp":"03:10:2024|11:10:41","exception":false,"message":"MongoDB connected"}
{"level":["info"],"timestamp":"03:10:2024|11:10:56","exception":false,"message":"MongoDB connected"}
{"level":["info"],"timestamp":"03:10:2024|11:10:36","exception":false,"message":"MongoDB connected"}
{"level":["info"],"timestamp":"03:10:2024|11:10:30","exception":false,"message":"MongoDB connected"}
{"level":["info"],"timestamp":"03:10:2024|11:10:71","exception":false,"message":"MongoDB connected"}
{"level":["info"],"timestamp":"03:10:2024|11:10:86","exception":false,"message":"MongoDB connected"}
{"level":["info"],"timestamp":"03:10:2024|11:10:80","exception":false,"message":"MongoDB connected"}
{"level":["info"],"timestamp":"03:10:2024|11:10:88","exception":false,"message":"MongoDB connected"}
{"level":["info"],"timestamp":"03:10:2024|11:10:52","exception":false,"message":"MongoDB connected"}
{"level":["info"],"timestamp":"03:10:2024|11:10:97","exception":false,"message":"MongoDB connected"}
{"level":["info"],"timestamp":"03:10:2024|11:10:48","exception":false,"message":"MongoDB connected"}
{"level":["info"],"timestamp":"03:10:2024|11:10:79","exception":false,"message":"MongoDB connected"}
{"level":["info"],"timestamp":"03:10:2024|11:10:52","exception":false,"message":"MongoDB connected"}
{"level":["info"],"timestamp":"03:10:2024|11:10:91","exception":false,"message":"MongoDB connected"}
{"level":["info"],"timestamp":"03:10:2024|11:10:45","exception":false,"message":"MongoDB connected"}
{"level":["info"],"timestamp":"03:10:2024|11:10:89","exception":false,"message":"MongoDB connected"}
{"level":["info"],"timestamp":"03:10:2024|11:10:93","exception":false,"message":"MongoDB connected"}
{"level":["info"],"timestamp":"03:10:2024|11:10:41","exception":false,"message":"MongoDB connected"}
{"level":["warn"],"timestamp":"03:10:2024|11:10:88","exception":false,"message":"MongoDB Disconnecting"}
{"level":["info"],"timestamp":"03:10:2024|11:10:18","exception":false,"message":"MongoDB connected"}
{"level":["warn"],"timestamp":"03:10:2024|11:10:53","exception":false,"message":"MongoDB Disconnecting"}
{"level":["info"],"timestamp":"03:10:2024|12:10:13","exception":false,"message":"MongoDB connected"}
{"level":["error"],"timestamp":"03:10:2024|12:10:26","exception":true,"message":"uncaughtException: UserModel is not defined"}
{"level":["error"],"timestamp":"03:10:2024|12:10:26","exception":true,"message":"uncaughtException: UserModel is not defined"}
{"level":["info"],"timestamp":"03:10:2024|12:10:72","exception":false,"message":"::ffff:192.168.1.113 - - [03/Oct/2024:06:39:13 +0000] \"GET / HTTP/1.1\" 404 - \"-\" \"Mozilla/5.0 (Macintosh; Intel Mac OS X 10_15_7) AppleWebKit/537.36 (KHTML, like Gecko) Chrome/129.0.0.0 Safari/537.36\"\n"}
{"level":["info"],"timestamp":"03:10:2024|12:10:90","exception":false,"message":"MongoDB connected"}
{"level":["error"],"timestamp":"03:10:2024|12:10:58","exception":true,"message":"uncaughtException: onlineUsersSocket is not defined"}
{"level":["error"],"timestamp":"03:10:2024|12:10:58","exception":true,"message":"uncaughtException: onlineUsersSocket is not defined"}
{"level":["error"],"timestamp":"03:10:2024|12:10:61","exception":true,"message":"uncaughtException: onlineUsersSocket is not defined"}
{"level":["error"],"timestamp":"03:10:2024|12:10:61","exception":true,"message":"uncaughtException: onlineUsersSocket is not defined"}
{"level":["warn"],"timestamp":"03:10:2024|13:10:92","exception":false,"message":"MongoDB Disconnecting"}
{"level":["info"],"timestamp":"03:10:2024|13:10:83","exception":false,"message":"MongoDB connected"}
{"level":["error"],"timestamp":"03:10:2024|13:10:39","exception":true,"message":"uncaughtException: returnTokenError is not defined"}
{"level":["error"],"timestamp":"03:10:2024|13:10:61","exception":true,"message":"uncaughtException: onlineUsersSocket is not defined"}
{"level":["error"],"timestamp":"03:10:2024|13:10:29","exception":true,"message":"uncaughtException: returnTokenError is not defined"}
{"level":["error"],"timestamp":"03:10:2024|13:10:41","exception":true,"message":"uncaughtException: returnTokenError is not defined"}
{"level":["info"],"timestamp":"03:10:2024|13:10:86","exception":false,"message":"MongoDB connected"}
{"level":["error"],"timestamp":"03:10:2024|13:10:83","exception":true,"message":"uncaughtException: onlineUsersSocket is not defined"}
{"level":["info"],"timestamp":"03:10:2024|13:10:30","exception":false,"message":"MongoDB connected"}
{"level":["info"],"timestamp":"03:10:2024|13:10:14","exception":false,"message":"MongoDB connected"}
{"level":["info"],"timestamp":"03:10:2024|13:10:77","exception":false,"message":"MongoDB connected"}
{"level":["warn"],"timestamp":"03:10:2024|13:10:74","exception":false,"message":"MongoDB Disconnecting"}
{"level":["info"],"timestamp":"03:10:2024|14:10:11","exception":false,"message":"MongoDB connected"}
{"level":["info"],"timestamp":"03:10:2024|14:10:77","exception":false,"message":"MongoDB connected"}
{"level":["info"],"timestamp":"03:10:2024|15:10:30","exception":false,"message":"MongoDB connected"}
{"level":["info"],"timestamp":"03:10:2024|15:10:85","exception":false,"message":"MongoDB connected"}
{"level":["info"],"timestamp":"03:10:2024|15:10:07","exception":false,"message":"MongoDB connected"}
{"level":["info"],"timestamp":"03:10:2024|15:10:89","exception":false,"message":"MongoDB connected"}
{"level":["info"],"timestamp":"03:10:2024|15:10:03","exception":false,"message":"MongoDB connected"}
{"level":["info"],"timestamp":"03:10:2024|16:10:84","exception":false,"message":"MongoDB connected"}
{"level":["info"],"timestamp":"03:10:2024|16:10:84","exception":false,"message":"MongoDB connected"}
{"level":["info"],"timestamp":"03:10:2024|16:10:56","exception":false,"message":"MongoDB connected"}
{"level":["info"],"timestamp":"03:10:2024|16:10:76","exception":false,"message":"MongoDB connected"}
{"level":["error"],"timestamp":"03:10:2024|16:10:59","exception":true,"message":"uncaughtException: returnTokenError is not defined"}
{"level":["info"],"timestamp":"03:10:2024|16:10:91","exception":false,"message":"MongoDB connected"}
{"level":["error"],"timestamp":"03:10:2024|16:10:72","exception":true,"message":"uncaughtException: error is not defined"}
{"level":["info"],"timestamp":"03:10:2024|16:10:87","exception":false,"message":"MongoDB connected"}
{"level":["error"],"timestamp":"03:10:2024|16:10:23","exception":true,"message":"uncaughtException: sendBadRequestWith406Code is not defined"}
{"level":["info"],"timestamp":"03:10:2024|16:10:16","exception":false,"message":"MongoDB connected"}
{"level":["info"],"timestamp":"03:10:2024|16:10:100","exception":false,"message":"MongoDB connected"}
{"level":["info"],"timestamp":"03:10:2024|16:10:67","exception":false,"message":"MongoDB connected"}
{"level":["info"],"timestamp":"03:10:2024|16:10:45","exception":false,"message":"MongoDB connected"}
{"level":["info"],"timestamp":"03:10:2024|16:10:03","exception":false,"message":"MongoDB connected"}
{"level":["warn"],"timestamp":"03:10:2024|16:10:18","exception":false,"message":"MongoDB Disconnecting"}
{"level":["info"],"timestamp":"03:10:2024|16:10:80","exception":false,"message":"MongoDB connected"}
{"level":["info"],"timestamp":"03:10:2024|16:10:91","exception":false,"message":"MongoDB connected"}
{"level":["info"],"timestamp":"03:10:2024|16:10:18","exception":false,"message":"MongoDB connected"}
{"level":["info"],"timestamp":"03:10:2024|16:10:15","exception":false,"message":"MongoDB connected"}
{"level":["info"],"timestamp":"03:10:2024|16:10:52","exception":false,"message":"MongoDB connected"}
{"level":["warn"],"timestamp":"03:10:2024|16:10:54","exception":false,"message":"MongoDB Disconnecting"}
{"level":["warn"],"timestamp":"03:10:2024|16:10:80","exception":false,"message":"MongoDB Disconnecting"}
{"level":["info"],"timestamp":"03:10:2024|16:10:93","exception":false,"message":"MongoDB connected"}
{"level":["warn"],"timestamp":"03:10:2024|16:10:88","exception":false,"message":"MongoDB Disconnecting"}
{"level":["info"],"timestamp":"03:10:2024|16:10:77","exception":false,"message":"MongoDB connected"}
{"level":["info"],"timestamp":"03:10:2024|16:10:21","exception":false,"message":"MongoDB connected"}
{"level":["info"],"timestamp":"03:10:2024|16:10:69","exception":false,"message":"MongoDB connected"}
{"level":["warn"],"timestamp":"03:10:2024|16:10:47","exception":false,"message":"MongoDB Disconnecting"}
{"level":["info"],"timestamp":"03:10:2024|16:10:94","exception":false,"message":"MongoDB connected"}
{"level":["info"],"timestamp":"03:10:2024|16:10:74","exception":false,"message":"MongoDB connected"}
{"level":["info"],"timestamp":"03:10:2024|16:10:59","exception":false,"message":"MongoDB connected"}
{"level":["warn"],"timestamp":"03:10:2024|16:10:53","exception":false,"message":"MongoDB Disconnecting"}
{"level":["info"],"timestamp":"03:10:2024|16:10:38","exception":false,"message":"MongoDB connected"}
{"level":["info"],"timestamp":"03:10:2024|16:10:20","exception":false,"message":"MongoDB connected"}
{"level":["info"],"timestamp":"03:10:2024|16:10:04","exception":false,"message":"MongoDB connected"}
{"level":["info"],"timestamp":"03:10:2024|16:10:32","exception":false,"message":"MongoDB connected"}
{"level":["info"],"timestamp":"03:10:2024|16:10:28","exception":false,"message":"MongoDB connected"}
{"level":["info"],"timestamp":"03:10:2024|16:10:40","exception":false,"message":"MongoDB connected"}
{"level":["warn"],"timestamp":"03:10:2024|16:10:50","exception":false,"message":"MongoDB Disconnecting"}
